<?xml version="1.0" encoding="UTF-8"?>
<!-- Generated by org.testng.reporters.JUnitReportReporter -->
<testsuite hostname="sidharth" failures="0" tests="5" name="TestCases.Get_response" time="0.213" errors="0" timestamp="2021-10-23T11:15:01 IST" skipped="0">
  <testcase classname="TestCases.Get_response" name="id" time="0.032"/>
  <system-out/>
  <testcase classname="TestCases.Get_response" name="statusCode" time="0.042"/>
  <system-out/>
  <testcase classname="TestCases.Get_response" name="statusline" time="0.003"/>
  <system-out/>
  <testcase classname="TestCases.Get_response" name="Responsetime" time="0.098"/>
  <system-out/>
  <testcase classname="TestCases.Get_response" name="contenttype" time="0.038"/>
  <system-out/>
</testsuite> <!-- TestCases.Get_response -->
