<?xml version="1.0" encoding="UTF-8"?>
<!-- Generated by org.testng.reporters.JUnitReportReporter -->
<testsuite hostname="sidharth" failures="0" tests="5" name="TestCases.Create_request" time="0.055" errors="0" timestamp="2021-10-19T23:58:02 IST" skipped="0">
  <testcase classname="TestCases.Create_request" name="validatecreate" time="0.010"/>
  <system-out/>
  <testcase classname="TestCases.Create_request" name="statuscode" time="0.010"/>
  <system-out/>
  <testcase classname="TestCases.Create_request" name="ContentLength" time="0.022"/>
  <system-out/>
  <testcase classname="TestCases.Create_request" name="statusline" time="0.003"/>
  <system-out/>
  <testcase classname="TestCases.Create_request" name="content_type" time="0.010"/>
  <system-out/>
</testsuite> <!-- TestCases.Create_request -->
