<?xml version="1.0" encoding="UTF-8"?>
<!-- Generated by org.testng.reporters.JUnitReportReporter -->
<testsuite hostname="sidharth" failures="0" tests="1" name="veteo_LM.Vetro_Class" time="7.583" errors="0" timestamp="2021-10-19T23:16:37 IST" skipped="0">
  <testcase classname="veteo_LM.Vetro_Class" name="setup" time="7.583"/>
  <system-out/>
</testsuite> <!-- veteo_LM.Vetro_Class -->
