<?xml version="1.0" encoding="UTF-8"?>
<!-- Generated by org.testng.reporters.JUnitReportReporter -->
<testsuite hostname="sidharth" failures="0" tests="1" name="TestCases.Delet_emp" time="6.326" errors="0" timestamp="2021-10-23T22:39:41 IST" skipped="0">
  <testcase classname="TestCases.Delet_emp" name="setup" time="6.326"/>
  <system-out/>
</testsuite> <!-- TestCases.Delet_emp -->
