<?xml version="1.0" encoding="UTF-8"?>
<!-- Generated by org.testng.reporters.JUnitReportReporter -->
<testsuite hostname="sidharth" failures="0" tests="3" name="veteo_LM.vetero_Datadriven" time="7.223" errors="0" timestamp="2021-09-26T11:58:33 IST" skipped="0">
  <testcase classname="veteo_LM.vetero_Datadriven" name="data_driven" time="0.188"/>
  <system-out/>
  <testcase classname="veteo_LM.vetero_Datadriven" name="data_driven" time="6.804"/>
  <system-out/>
  <testcase classname="veteo_LM.vetero_Datadriven" name="data_driven" time="0.231"/>
  <system-out/>
</testsuite> <!-- veteo_LM.vetero_Datadriven -->
