<?xml version="1.0" encoding="UTF-8"?>
<!-- Generated by org.testng.reporters.JUnitReportReporter -->
<testsuite hostname="sidharth" failures="0" tests="2" name="veteo_LM.Vetro_Class" time="4.853" errors="0" timestamp="2021-09-25T18:29:24 IST" skipped="0">
  <testcase classname="veteo_LM.Vetro_Class" name="setup" time="4.734"/>
  <system-out/>
  <testcase classname="veteo_LM.Vetro_Class" name="test_put" time="0.119"/>
  <system-out/>
</testsuite> <!-- veteo_LM.Vetro_Class -->
